<?xml version="1.0" encoding="UTF-8"?>
<testsuite xmlns:xsi="http://www.w3.org/2001/XMLSchema-instance" xsi:noNamespaceSchemaLocation="https://maven.apache.org/surefire/maven-surefire-plugin/xsd/surefire-test-report-3.0.xsd" version="3.0" name="TestSuite" time="4.922" tests="5" errors="0" skipped="3" failures="2">
  <properties>
    <property name="sun.desktop" value="windows"/>
    <property name="awt.toolkit" value="sun.awt.windows.WToolkit"/>
    <property name="file.encoding.pkg" value="sun.io"/>
    <property name="java.specification.version" value="1.8"/>
    <property name="webdriver.chrome.driver" value="./drivers/chromedriver.exe"/>
    <property name="sun.cpu.isalist" value="amd64"/>
    <property name="sun.jnu.encoding" value="Cp1252"/>
    <property name="java.class.path" value="D:\Hemanth_Bkup\EcommerceAppJenkins\FlipKart\target\test-classes;D:\Hemanth_Bkup\EcommerceAppJenkins\FlipKart\target\classes;C:\Users\SkillRary\.m2\repository\org\seleniumhq\selenium\selenium-server\3.141.59\selenium-server-3.141.59.jar;C:\Users\SkillRary\.m2\repository\org\seleniumhq\selenium\selenium-java\3.141.59\selenium-java-3.141.59.jar;C:\Users\SkillRary\.m2\repository\org\seleniumhq\selenium\selenium-api\3.141.59\selenium-api-3.141.59.jar;C:\Users\SkillRary\.m2\repository\org\seleniumhq\selenium\selenium-chrome-driver\3.141.59\selenium-chrome-driver-3.141.59.jar;C:\Users\SkillRary\.m2\repository\org\seleniumhq\selenium\selenium-edge-driver\3.141.59\selenium-edge-driver-3.141.59.jar;C:\Users\SkillRary\.m2\repository\org\seleniumhq\selenium\selenium-firefox-driver\3.141.59\selenium-firefox-driver-3.141.59.jar;C:\Users\SkillRary\.m2\repository\org\seleniumhq\selenium\selenium-ie-driver\3.141.59\selenium-ie-driver-3.141.59.jar;C:\Users\SkillRary\.m2\repository\org\seleniumhq\selenium\selenium-opera-driver\3.141.59\selenium-opera-driver-3.141.59.jar;C:\Users\SkillRary\.m2\repository\org\seleniumhq\selenium\selenium-remote-driver\3.141.59\selenium-remote-driver-3.141.59.jar;C:\Users\SkillRary\.m2\repository\org\seleniumhq\selenium\selenium-safari-driver\3.141.59\selenium-safari-driver-3.141.59.jar;C:\Users\SkillRary\.m2\repository\org\seleniumhq\selenium\selenium-support\3.141.59\selenium-support-3.141.59.jar;C:\Users\SkillRary\.m2\repository\com\beust\jcommander\1.72\jcommander-1.72.jar;C:\Users\SkillRary\.m2\repository\net\bytebuddy\byte-buddy\1.8.15\byte-buddy-1.8.15.jar;C:\Users\SkillRary\.m2\repository\org\apache\commons\commons-exec\1.3\commons-exec-1.3.jar;C:\Users\SkillRary\.m2\repository\com\google\guava\guava\25.0-jre\guava-25.0-jre.jar;C:\Users\SkillRary\.m2\repository\com\google\code\findbugs\jsr305\1.3.9\jsr305-1.3.9.jar;C:\Users\SkillRary\.m2\repository\org\checkerframework\checker-compat-qual\2.0.0\checker-compat-qual-2.0.0.jar;C:\Users\SkillRary\.m2\repository\com\google\errorprone\error_prone_annotations\2.1.3\error_prone_annotations-2.1.3.jar;C:\Users\SkillRary\.m2\repository\com\google\j2objc\j2objc-annotations\1.1\j2objc-annotations-1.1.jar;C:\Users\SkillRary\.m2\repository\org\codehaus\mojo\animal-sniffer-annotations\1.14\animal-sniffer-annotations-1.14.jar;C:\Users\SkillRary\.m2\repository\net\jcip\jcip-annotations\1.0\jcip-annotations-1.0.jar;C:\Users\SkillRary\.m2\repository\org\seleniumhq\selenium\jetty-repacked\9.4.12.v20180830\jetty-repacked-9.4.12.v20180830.jar;C:\Users\SkillRary\.m2\repository\com\squareup\okhttp3\okhttp\3.11.0\okhttp-3.11.0.jar;C:\Users\SkillRary\.m2\repository\com\squareup\okio\okio\1.14.0\okio-1.14.0.jar;C:\Users\SkillRary\.m2\repository\javax\servlet\javax.servlet-api\3.1.0\javax.servlet-api-3.1.0.jar;C:\Users\SkillRary\.m2\repository\org\yaml\snakeyaml\1.19\snakeyaml-1.19.jar;C:\Users\SkillRary\.m2\repository\org\testng\testng\7.1.0\testng-7.1.0.jar;C:\Users\SkillRary\.m2\repository\com\google\inject\guice\4.1.0\guice-4.1.0-no_aop.jar;C:\Users\SkillRary\.m2\repository\javax\inject\javax.inject\1\javax.inject-1.jar;C:\Users\SkillRary\.m2\repository\aopalliance\aopalliance\1.0\aopalliance-1.0.jar;C:\Users\SkillRary\.m2\repository\org\apache\poi\poi\4.1.2\poi-4.1.2.jar;C:\Users\SkillRary\.m2\repository\commons-codec\commons-codec\1.13\commons-codec-1.13.jar;C:\Users\SkillRary\.m2\repository\org\apache\commons\commons-collections4\4.4\commons-collections4-4.4.jar;C:\Users\SkillRary\.m2\repository\org\apache\commons\commons-math3\3.6.1\commons-math3-3.6.1.jar;C:\Users\SkillRary\.m2\repository\com\zaxxer\SparseBitSet\1.2\SparseBitSet-1.2.jar;C:\Users\SkillRary\.m2\repository\org\apache\poi\poi-ooxml\4.1.2\poi-ooxml-4.1.2.jar;C:\Users\SkillRary\.m2\repository\org\apache\poi\poi-ooxml-schemas\4.1.2\poi-ooxml-schemas-4.1.2.jar;C:\Users\SkillRary\.m2\repository\org\apache\xmlbeans\xmlbeans\3.1.0\xmlbeans-3.1.0.jar;C:\Users\SkillRary\.m2\repository\org\apache\commons\commons-compress\1.19\commons-compress-1.19.jar;C:\Users\SkillRary\.m2\repository\com\github\virtuald\curvesapi\1.06\curvesapi-1.06.jar;C:\Users\SkillRary\.m2\repository\commons-io\commons-io\2.7\commons-io-2.7.jar;"/>
    <property name="java.vm.vendor" value="Oracle Corporation"/>
    <property name="sun.arch.data.model" value="64"/>
    <property name="user.variant" value=""/>
    <property name="java.vendor.url" value="http://java.oracle.com/"/>
    <property name="user.timezone" value="Asia/Calcutta"/>
    <property name="java.vm.specification.version" value="1.8"/>
    <property name="os.name" value="Windows 8.1"/>
    <property name="user.country" value="IN"/>
    <property name="sun.java.launcher" value="SUN_STANDARD"/>
    <property name="sun.boot.library.path" value="C:\Program Files\Java\jdk1.8.0_251\jre\bin"/>
    <property name="sun.java.command" value="C:\Users\SkillRary\AppData\Local\Temp\surefire4247862665145665959\surefirebooter5567855408641937492.jar C:\Users\SkillRary\AppData\Local\Temp\surefire4247862665145665959 2020-06-17T12-34-17_089-jvmRun1 surefire1669650439412078145tmp surefire_08175085533758581603tmp"/>
    <property name="surefire.test.class.path" value="D:\Hemanth_Bkup\EcommerceAppJenkins\FlipKart\target\test-classes;D:\Hemanth_Bkup\EcommerceAppJenkins\FlipKart\target\classes;C:\Users\SkillRary\.m2\repository\org\seleniumhq\selenium\selenium-server\3.141.59\selenium-server-3.141.59.jar;C:\Users\SkillRary\.m2\repository\org\seleniumhq\selenium\selenium-java\3.141.59\selenium-java-3.141.59.jar;C:\Users\SkillRary\.m2\repository\org\seleniumhq\selenium\selenium-api\3.141.59\selenium-api-3.141.59.jar;C:\Users\SkillRary\.m2\repository\org\seleniumhq\selenium\selenium-chrome-driver\3.141.59\selenium-chrome-driver-3.141.59.jar;C:\Users\SkillRary\.m2\repository\org\seleniumhq\selenium\selenium-edge-driver\3.141.59\selenium-edge-driver-3.141.59.jar;C:\Users\SkillRary\.m2\repository\org\seleniumhq\selenium\selenium-firefox-driver\3.141.59\selenium-firefox-driver-3.141.59.jar;C:\Users\SkillRary\.m2\repository\org\seleniumhq\selenium\selenium-ie-driver\3.141.59\selenium-ie-driver-3.141.59.jar;C:\Users\SkillRary\.m2\repository\org\seleniumhq\selenium\selenium-opera-driver\3.141.59\selenium-opera-driver-3.141.59.jar;C:\Users\SkillRary\.m2\repository\org\seleniumhq\selenium\selenium-remote-driver\3.141.59\selenium-remote-driver-3.141.59.jar;C:\Users\SkillRary\.m2\repository\org\seleniumhq\selenium\selenium-safari-driver\3.141.59\selenium-safari-driver-3.141.59.jar;C:\Users\SkillRary\.m2\repository\org\seleniumhq\selenium\selenium-support\3.141.59\selenium-support-3.141.59.jar;C:\Users\SkillRary\.m2\repository\com\beust\jcommander\1.72\jcommander-1.72.jar;C:\Users\SkillRary\.m2\repository\net\bytebuddy\byte-buddy\1.8.15\byte-buddy-1.8.15.jar;C:\Users\SkillRary\.m2\repository\org\apache\commons\commons-exec\1.3\commons-exec-1.3.jar;C:\Users\SkillRary\.m2\repository\com\google\guava\guava\25.0-jre\guava-25.0-jre.jar;C:\Users\SkillRary\.m2\repository\com\google\code\findbugs\jsr305\1.3.9\jsr305-1.3.9.jar;C:\Users\SkillRary\.m2\repository\org\checkerframework\checker-compat-qual\2.0.0\checker-compat-qual-2.0.0.jar;C:\Users\SkillRary\.m2\repository\com\google\errorprone\error_prone_annotations\2.1.3\error_prone_annotations-2.1.3.jar;C:\Users\SkillRary\.m2\repository\com\google\j2objc\j2objc-annotations\1.1\j2objc-annotations-1.1.jar;C:\Users\SkillRary\.m2\repository\org\codehaus\mojo\animal-sniffer-annotations\1.14\animal-sniffer-annotations-1.14.jar;C:\Users\SkillRary\.m2\repository\net\jcip\jcip-annotations\1.0\jcip-annotations-1.0.jar;C:\Users\SkillRary\.m2\repository\org\seleniumhq\selenium\jetty-repacked\9.4.12.v20180830\jetty-repacked-9.4.12.v20180830.jar;C:\Users\SkillRary\.m2\repository\com\squareup\okhttp3\okhttp\3.11.0\okhttp-3.11.0.jar;C:\Users\SkillRary\.m2\repository\com\squareup\okio\okio\1.14.0\okio-1.14.0.jar;C:\Users\SkillRary\.m2\repository\javax\servlet\javax.servlet-api\3.1.0\javax.servlet-api-3.1.0.jar;C:\Users\SkillRary\.m2\repository\org\yaml\snakeyaml\1.19\snakeyaml-1.19.jar;C:\Users\SkillRary\.m2\repository\org\testng\testng\7.1.0\testng-7.1.0.jar;C:\Users\SkillRary\.m2\repository\com\google\inject\guice\4.1.0\guice-4.1.0-no_aop.jar;C:\Users\SkillRary\.m2\repository\javax\inject\javax.inject\1\javax.inject-1.jar;C:\Users\SkillRary\.m2\repository\aopalliance\aopalliance\1.0\aopalliance-1.0.jar;C:\Users\SkillRary\.m2\repository\org\apache\poi\poi\4.1.2\poi-4.1.2.jar;C:\Users\SkillRary\.m2\repository\commons-codec\commons-codec\1.13\commons-codec-1.13.jar;C:\Users\SkillRary\.m2\repository\org\apache\commons\commons-collections4\4.4\commons-collections4-4.4.jar;C:\Users\SkillRary\.m2\repository\org\apache\commons\commons-math3\3.6.1\commons-math3-3.6.1.jar;C:\Users\SkillRary\.m2\repository\com\zaxxer\SparseBitSet\1.2\SparseBitSet-1.2.jar;C:\Users\SkillRary\.m2\repository\org\apache\poi\poi-ooxml\4.1.2\poi-ooxml-4.1.2.jar;C:\Users\SkillRary\.m2\repository\org\apache\poi\poi-ooxml-schemas\4.1.2\poi-ooxml-schemas-4.1.2.jar;C:\Users\SkillRary\.m2\repository\org\apache\xmlbeans\xmlbeans\3.1.0\xmlbeans-3.1.0.jar;C:\Users\SkillRary\.m2\repository\org\apache\commons\commons-compress\1.19\commons-compress-1.19.jar;C:\Users\SkillRary\.m2\repository\com\github\virtuald\curvesapi\1.06\curvesapi-1.06.jar;C:\Users\SkillRary\.m2\repository\commons-io\commons-io\2.7\commons-io-2.7.jar;"/>
    <property name="sun.cpu.endian" value="little"/>
    <property name="user.home" value="C:\Users\SkillRary"/>
    <property name="user.language" value="en"/>
    <property name="java.specification.vendor" value="Oracle Corporation"/>
    <property name="java.home" value="C:\Program Files\Java\jdk1.8.0_251\jre"/>
    <property name="basedir" value="D:\Hemanth_Bkup\EcommerceAppJenkins\FlipKart"/>
    <property name="file.separator" value="\"/>
    <property name="line.separator" value="&#10;"/>
    <property name="java.vm.specification.vendor" value="Oracle Corporation"/>
    <property name="java.specification.name" value="Java Platform API Specification"/>
    <property name="java.awt.graphicsenv" value="sun.awt.Win32GraphicsEnvironment"/>
    <property name="surefire.real.class.path" value="C:\Users\SkillRary\AppData\Local\Temp\surefire4247862665145665959\surefirebooter5567855408641937492.jar"/>
    <property name="sun.boot.class.path" value="C:\Program Files\Java\jdk1.8.0_251\jre\lib\resources.jar;C:\Program Files\Java\jdk1.8.0_251\jre\lib\rt.jar;C:\Program Files\Java\jdk1.8.0_251\jre\lib\sunrsasign.jar;C:\Program Files\Java\jdk1.8.0_251\jre\lib\jsse.jar;C:\Program Files\Java\jdk1.8.0_251\jre\lib\jce.jar;C:\Program Files\Java\jdk1.8.0_251\jre\lib\charsets.jar;C:\Program Files\Java\jdk1.8.0_251\jre\lib\jfr.jar;C:\Program Files\Java\jdk1.8.0_251\jre\classes"/>
    <property name="user.script" value=""/>
    <property name="sun.management.compiler" value="HotSpot 64-Bit Tiered Compilers"/>
    <property name="java.runtime.version" value="1.8.0_251-b08"/>
    <property name="user.name" value="SkillRary"/>
    <property name="path.separator" value=";"/>
    <property name="os.version" value="6.3"/>
    <property name="java.endorsed.dirs" value="C:\Program Files\Java\jdk1.8.0_251\jre\lib\endorsed"/>
    <property name="java.runtime.name" value="Java(TM) SE Runtime Environment"/>
    <property name="file.encoding" value="Cp1252"/>
    <property name="java.vm.name" value="Java HotSpot(TM) 64-Bit Server VM"/>
    <property name="localRepository" value="C:\Users\SkillRary\.m2\repository"/>
    <property name="java.vendor.url.bug" value="http://bugreport.sun.com/bugreport/"/>
    <property name="java.io.tmpdir" value="C:\Users\SKILLR~1\AppData\Local\Temp\"/>
    <property name="java.version" value="1.8.0_251"/>
    <property name="user.dir" value="D:\Hemanth_Bkup\EcommerceAppJenkins\FlipKart"/>
    <property name="os.arch" value="amd64"/>
    <property name="java.vm.specification.name" value="Java Virtual Machine Specification"/>
    <property name="java.awt.printerjob" value="sun.awt.windows.WPrinterJob"/>
    <property name="sun.os.patch.level" value=""/>
    <property name="java.library.path" value="C:\Program Files\Java\jdk1.8.0_251\jre\bin;C:\Windows\Sun\Java\bin;C:\Windows\system32;C:\Windows;C:/Program Files/Java/jre1.8.0_251/bin/server;C:/Program Files/Java/jre1.8.0_251/bin;C:/Program Files/Java/jre1.8.0_251/lib/amd64;C:\Program Files (x86)\Common Files\Oracle\Java\javapath;C:\Windows\system32;C:\Windows;C:\Windows\System32\Wbem;C:\Windows\System32\WindowsPowerShell\v1.0\;C:\Program Files\Java\jdk1.8.0_221\bin;C:\Program Files (x86)\Brackets\command;C:\Program Files\nodejs\;C:\Users\SkillRary\AppData\Local\Android\Sdk\tools\bin;C:\Users\SkillRary\AppData\Local\Android\Sdk\platform-tools;C:\Users\SkillRary\AppData\Local\Android\Sdk\emulator;C:\Program Files\Java\jdk1.8.0_251\bin;C:\Android;C:\Windows\System32;C:\Program Files\Git\cmd;C:\Users\SkillRary\Downloads\apache-maven-3.6.3-bin\apache-maven-3.6.3\bin;;C:\Users\SkillRary\AppData\Local\Programs\Microsoft VS Code\bin;C:\Users\SkillRary\AppData\Roaming\npm;C:\Program Files (x86)\AutoIt3;;D:\Hemanth_Bkup\eclipse-java-photon-R-win32-x86_64\eclipse;;."/>
    <property name="java.vm.info" value="mixed mode"/>
    <property name="java.vendor" value="Oracle Corporation"/>
    <property name="java.vm.version" value="25.251-b08"/>
    <property name="java.ext.dirs" value="C:\Program Files\Java\jdk1.8.0_251\jre\lib\ext;C:\Windows\Sun\Java\lib\ext"/>
    <property name="sun.io.unicode.encoding" value="UnicodeLittle"/>
    <property name="java.class.version" value="52.0"/>
  </properties>
  <testcase name="launchApp" classname="testcases.TC001" time="4.679">
    <failure message="session not created&#10;from no such window: window was already closed&#10;  (Session info: chrome=79.0.3945.88)&#10;Build info: version: &apos;3.141.59&apos;, revision: &apos;e82be7d358&apos;, time: &apos;2018-11-14T08:17:03&apos;&#10;System info: host: &apos;TYSS-SR-021&apos;, ip: &apos;192.168.43.235&apos;, os.name: &apos;Windows 8.1&apos;, os.arch: &apos;amd64&apos;, os.version: &apos;6.3&apos;, java.version: &apos;1.8.0_251&apos;&#10;Driver info: driver.version: ChromeDriver&#10;remote stacktrace: Backtrace:&#10;	Ordinal0 [0x0153A113+1548563]&#10;	Ordinal0 [0x014BDDA1+1039777]&#10;	Ordinal0 [0x0143E485+517253]&#10;	Ordinal0 [0x01438B74+494452]&#10;	Ordinal0 [0x01439855+497749]&#10;	Ordinal0 [0x01435885+481413]&#10;	Ordinal0 [0x0143F0D0+520400]&#10;	Ordinal0 [0x013EC030+180272]&#10;	Ordinal0 [0x013EB59D+177565]&#10;	Ordinal0 [0x013E95FB+169467]&#10;	Ordinal0 [0x013D160A+71178]&#10;	Ordinal0 [0x013D2690+75408]&#10;	Ordinal0 [0x013D2629+75305]&#10;	Ordinal0 [0x014D71B7+1143223]&#10;	GetHandleVerifier [0x015D2B46+507814]&#10;	GetHandleVerifier [0x015D2864+507076]&#10;	GetHandleVerifier [0x015D9F47+537511]&#10;	GetHandleVerifier [0x015D3402+510050]&#10;	Ordinal0 [0x014CF29C+1110684]&#10;	Ordinal0 [0x014D938B+1151883]&#10;	Ordinal0 [0x014D94F3+1152243]&#10;	Ordinal0 [0x014D83F5+1147893]&#10;	BaseThreadInitThunk [0x74DD6A14+36]&#10;	RtlInitializeExceptionChain [0x7713ADCF+143]&#10;	RtlInitializeExceptionChain [0x7713AD9A+90]&#10;" type="org.openqa.selenium.SessionNotCreatedException"><![CDATA[org.openqa.selenium.SessionNotCreatedException: 
session not created
from no such window: window was already closed
  (Session info: chrome=79.0.3945.88)
Build info: version: '3.141.59', revision: 'e82be7d358', time: '2018-11-14T08:17:03'
System info: host: 'TYSS-SR-021', ip: '192.168.43.235', os.name: 'Windows 8.1', os.arch: 'amd64', os.version: '6.3', java.version: '1.8.0_251'
Driver info: driver.version: ChromeDriver
remote stacktrace: Backtrace:
	Ordinal0 [0x0153A113+1548563]
	Ordinal0 [0x014BDDA1+1039777]
	Ordinal0 [0x0143E485+517253]
	Ordinal0 [0x01438B74+494452]
	Ordinal0 [0x01439855+497749]
	Ordinal0 [0x01435885+481413]
	Ordinal0 [0x0143F0D0+520400]
	Ordinal0 [0x013EC030+180272]
	Ordinal0 [0x013EB59D+177565]
	Ordinal0 [0x013E95FB+169467]
	Ordinal0 [0x013D160A+71178]
	Ordinal0 [0x013D2690+75408]
	Ordinal0 [0x013D2629+75305]
	Ordinal0 [0x014D71B7+1143223]
	GetHandleVerifier [0x015D2B46+507814]
	GetHandleVerifier [0x015D2864+507076]
	GetHandleVerifier [0x015D9F47+537511]
	GetHandleVerifier [0x015D3402+510050]
	Ordinal0 [0x014CF29C+1110684]
	Ordinal0 [0x014D938B+1151883]
	Ordinal0 [0x014D94F3+1152243]
	Ordinal0 [0x014D83F5+1147893]
	BaseThreadInitThunk [0x74DD6A14+36]
	RtlInitializeExceptionChain [0x7713ADCF+143]
	RtlInitializeExceptionChain [0x7713AD9A+90]

]]></failure>
    <system-err><![CDATA[Starting ChromeDriver 79.0.3945.36 (3582db32b33893869b8c1339e8f4d9ed1816f143-refs/branch-heads/3945@{#614}) on port 16035
Only local connections are allowed.
Please protect ports used by ChromeDriver and related test frameworks to prevent access by malicious code.
]]></system-err>
  </testcase>
  <testcase name="loginToApp" classname="testcases.TC001" time="0">
    <skipped/>
  </testcase>
  <testcase name="addProductToCart" classname="testcases.TC001" time="0">
    <skipped message="session not created&#10;from no such window: window was already closed&#10;  (Session info: chrome=79.0.3945.88)&#10;Build info: version: &apos;3.141.59&apos;, revision: &apos;e82be7d358&apos;, time: &apos;2018-11-14T08:17:03&apos;&#10;System info: host: &apos;TYSS-SR-021&apos;, ip: &apos;192.168.43.235&apos;, os.name: &apos;Windows 8.1&apos;, os.arch: &apos;amd64&apos;, os.version: &apos;6.3&apos;, java.version: &apos;1.8.0_251&apos;&#10;Driver info: driver.version: ChromeDriver&#10;remote stacktrace: Backtrace:&#10;	Ordinal0 [0x0153A113+1548563]&#10;	Ordinal0 [0x014BDDA1+1039777]&#10;	Ordinal0 [0x0143E485+517253]&#10;	Ordinal0 [0x01438B74+494452]&#10;	Ordinal0 [0x01439855+497749]&#10;	Ordinal0 [0x01435885+481413]&#10;	Ordinal0 [0x0143F0D0+520400]&#10;	Ordinal0 [0x013EC030+180272]&#10;	Ordinal0 [0x013EB59D+177565]&#10;	Ordinal0 [0x013E95FB+169467]&#10;	Ordinal0 [0x013D160A+71178]&#10;	Ordinal0 [0x013D2690+75408]&#10;	Ordinal0 [0x013D2629+75305]&#10;	Ordinal0 [0x014D71B7+1143223]&#10;	GetHandleVerifier [0x015D2B46+507814]&#10;	GetHandleVerifier [0x015D2864+507076]&#10;	GetHandleVerifier [0x015D9F47+537511]&#10;	GetHandleVerifier [0x015D3402+510050]&#10;	Ordinal0 [0x014CF29C+1110684]&#10;	Ordinal0 [0x014D938B+1151883]&#10;	Ordinal0 [0x014D94F3+1152243]&#10;	Ordinal0 [0x014D83F5+1147893]&#10;	BaseThreadInitThunk [0x74DD6A14+36]&#10;	RtlInitializeExceptionChain [0x7713ADCF+143]&#10;	RtlInitializeExceptionChain [0x7713AD9A+90]&#10;"/>
  </testcase>
  <testcase name="logoutFromApp" classname="testcases.TC001" time="0">
    <skipped/>
  </testcase>
  <testcase name="closeApp" classname="testcases.TC001" time="0.005">
    <failure type="java.lang.NullPointerException"><![CDATA[java.lang.NullPointerException
]]></failure>
  </testcase>
</testsuite>